<?xml version="1.0" encoding="UTF-8"?>
<coverage generated="1629240556924" clover="3.2.0">
  <project timestamp="1629240556924" name="All files">
    <metrics statements="9" coveredstatements="9" conditionals="2" coveredconditionals="2" methods="4" coveredmethods="4" elements="15" coveredelements="15" complexity="0" loc="9" ncloc="9" packages="3" files="3" classes="3"/>
    <package name="challenge1">
      <metrics statements="1" coveredstatements="1" conditionals="0" coveredconditionals="0" methods="1" coveredmethods="1"/>
      <file name="index.js" path="/home/fgustavo/Documentos/labs/code-challenges/src/functional/challenge1/index.js">
        <metrics statements="1" coveredstatements="1" conditionals="0" coveredconditionals="0" methods="1" coveredmethods="1"/>
        <line num="1" count="8" type="stmt"/>
      </file>
    </package>
    <package name="challenge2">
      <metrics statements="1" coveredstatements="1" conditionals="0" coveredconditionals="0" methods="1" coveredmethods="1"/>
      <file name="index.js" path="/home/fgustavo/Documentos/labs/code-challenges/src/functional/challenge2/index.js">
        <metrics statements="1" coveredstatements="1" conditionals="0" coveredconditionals="0" methods="1" coveredmethods="1"/>
        <line num="1" count="2" type="stmt"/>
      </file>
    </package>
    <package name="challenge3">
      <metrics statements="7" coveredstatements="7" conditionals="2" coveredconditionals="2" methods="2" coveredmethods="2"/>
      <file name="index.js" path="/home/fgustavo/Documentos/labs/code-challenges/src/functional/challenge3/index.js">
        <metrics statements="7" coveredstatements="7" conditionals="2" coveredconditionals="2" methods="2" coveredmethods="2"/>
        <line num="1" count="1" type="stmt"/>
        <line num="2" count="3" type="stmt"/>
        <line num="3" count="18" type="cond" truecount="2" falsecount="0"/>
        <line num="4" count="3" type="stmt"/>
        <line num="7" count="15" type="stmt"/>
        <line num="9" count="15" type="stmt"/>
        <line num="12" count="3" type="stmt"/>
      </file>
    </package>
  </project>
</coverage>
