{"/home/fgustavo/Documentos/labs/code-challenges/src/functional/challenge1/index.js": {"path":"/home/fgustavo/Documentos/labs/code-challenges/src/functional/challenge1/index.js","statementMap":{"0":{"start":{"line":1,"column":22},"end":{"line":1,"column":44}},"1":{"start":{"line":1,"column":34},"end":{"line":1,"column":44}}},"fnMap":{"0":{"name":"(anonymous_0)","decl":{"start":{"line":1,"column":22},"end":{"line":1,"column":23}},"loc":{"start":{"line":1,"column":34},"end":{"line":1,"column":44}},"line":1}},"branchMap":{},"s":{"0":2,"1":8},"f":{"0":8},"b":{},"_coverageSchema":"1a1c01bbd47fc00a2c39e90264f33305004495a9","hash":"2e48418a4651868c3f6f21f86458977c59a7ead9"}
,"/home/fgustavo/Documentos/labs/code-challenges/src/functional/challenge2/index.js": {"path":"/home/fgustavo/Documentos/labs/code-challenges/src/functional/challenge2/index.js","statementMap":{"0":{"start":{"line":1,"column":20},"end":{"line":1,"column":40}},"1":{"start":{"line":1,"column":30},"end":{"line":1,"column":40}}},"fnMap":{"0":{"name":"(anonymous_0)","decl":{"start":{"line":1,"column":20},"end":{"line":1,"column":21}},"loc":{"start":{"line":1,"column":30},"end":{"line":1,"column":40}},"line":1}},"branchMap":{},"s":{"0":1,"1":2},"f":{"0":2},"b":{},"_coverageSchema":"1a1c01bbd47fc00a2c39e90264f33305004495a9","hash":"98442983e22b4d6d9cc27b3a89c52c093e02e967"}
,"/home/fgustavo/Documentos/labs/code-challenges/src/functional/challenge3/index.js": {"path":"/home/fgustavo/Documentos/labs/code-challenges/src/functional/challenge3/index.js","statementMap":{"0":{"start":{"line":1,"column":19},"end":{"line":13,"column":1}},"1":{"start":{"line":2,"column":18},"end":{"line":10,"column":3}},"2":{"start":{"line":3,"column":4},"end":{"line":5,"column":5}},"3":{"start":{"line":4,"column":6},"end":{"line":4,"column":22}},"4":{"start":{"line":7,"column":21},"end":{"line":7,"column":43}},"5":{"start":{"line":9,"column":4},"end":{"line":9,"column":72}},"6":{"start":{"line":12,"column":2},"end":{"line":12,"column":41}}},"fnMap":{"0":{"name":"(anonymous_0)","decl":{"start":{"line":1,"column":19},"end":{"line":1,"column":20}},"loc":{"start":{"line":1,"column":40},"end":{"line":13,"column":1}},"line":1},"1":{"name":"(anonymous_1)","decl":{"start":{"line":2,"column":18},"end":{"line":2,"column":19}},"loc":{"start":{"line":2,"column":56},"end":{"line":10,"column":3}},"line":2}},"branchMap":{"0":{"loc":{"start":{"line":3,"column":4},"end":{"line":5,"column":5}},"type":"if","locations":[{"start":{"line":3,"column":4},"end":{"line":5,"column":5}},{"start":{"line":3,"column":4},"end":{"line":5,"column":5}}],"line":3}},"s":{"0":1,"1":3,"2":18,"3":3,"4":15,"5":15,"6":3},"f":{"0":3,"1":18},"b":{"0":[3,15]},"_coverageSchema":"1a1c01bbd47fc00a2c39e90264f33305004495a9","hash":"76c42dd7ad09ca626a152f27eb8a7d6e02d3aad4"}
}
