TN:
SF:src/functional/challenge1/index.js
FN:1,(anonymous_0)
FNF:1
FNH:1
FNDA:8,(anonymous_0)
DA:1,8
LF:1
LH:1
BRF:0
BRH:0
end_of_record
TN:
SF:src/functional/challenge2/index.js
FN:1,(anonymous_0)
FNF:1
FNH:1
FNDA:2,(anonymous_0)
DA:1,2
LF:1
LH:1
BRF:0
BRH:0
end_of_record
TN:
SF:src/functional/challenge3/index.js
FN:1,(anonymous_0)
FN:2,(anonymous_1)
FNF:2
FNH:2
FNDA:3,(anonymous_0)
FNDA:18,(anonymous_1)
DA:1,1
DA:2,3
DA:3,18
DA:4,3
DA:7,15
DA:9,15
DA:12,3
LF:7
LH:7
BRDA:3,0,0,3
BRDA:3,0,1,15
BRF:2
BRH:2
end_of_record
